2026-02-24 16:22:16 [INFO    ] services.course_cache: Cache cargado: 29 cursos
2026-02-24 16:22:16 [INFO    ] services.excel_reader: Leyendo solicitudes de: ./plantilla_solicitudes.xlsx
2026-02-24 16:22:16 [INFO    ] services.excel_reader: Encontradas 5 solicitudes pendientes
2026-02-24 16:23:55 [INFO    ] core.browser        : Iniciando navegador Chrome...
2026-02-24 16:23:57 [INFO    ] core.browser        : Navegador iniciado correctamente
2026-02-24 16:23:57 [INFO    ] components.auth     : Iniciando sesión para usuario: adminalejandro
2026-02-24 16:23:57 [INFO    ] core.browser        : Navegando a: https://campusvirtual.izyacademy.com/login/index.php
2026-02-24 16:23:58 [INFO    ] core.browser        : Banner de cookies cerrado
2026-02-24 16:24:01 [INFO    ] components.auth     : Login exitoso para: adminalejandro
2026-02-24 16:24:01 [ERROR   ] services.excel_reader: Error actualizando estado: [Errno 13] Permission denied: './plantilla_solicitudes.xlsx'
2026-02-24 16:24:01 [INFO    ] components.user     : Buscando usuario por email: jaapenasa@gmail.com
2026-02-24 16:24:01 [INFO    ] core.browser        : Navegando a: https://campusvirtual.izyacademy.com/admin/user.php
2026-02-24 16:24:26 [INFO    ] components.user     : Usuario encontrado: Jairo Antonio Peña Salazar
2026-02-24 16:24:26 [INFO    ] components.user     : Actualizando contraseña para: jaapenasa@gmail.com
2026-02-24 16:24:34 [INFO    ] components.user     : Contraseña actualizada para: jpena2
2026-02-24 16:24:34 [INFO    ] core.browser        : Navegando a: https://campusvirtual.izyacademy.com/course/view.php?id=612
2026-02-24 16:24:35 [INFO    ] components.course   : Quizzes encontrados en curso 612: 4
2026-02-24 16:24:35 [INFO    ] components.quiz     : Eliminando intentos de jaapenasa@gmail.com en quiz 8788
2026-02-24 16:24:35 [INFO    ] components.quiz     : No hay intentos de jaapenasa@gmail.com (Nada que mostrar)
2026-02-24 16:24:35 [INFO    ] components.quiz     : Eliminando intentos de jaapenasa@gmail.com en quiz 8784
2026-02-24 16:24:36 [INFO    ] components.quiz     : No hay intentos de jaapenasa@gmail.com (Nada que mostrar)
2026-02-24 16:24:36 [INFO    ] components.quiz     : Eliminando intentos de jaapenasa@gmail.com en quiz 8785
2026-02-24 16:24:37 [INFO    ] components.quiz     : No hay intentos de jaapenasa@gmail.com (Nada que mostrar)
2026-02-24 16:24:37 [INFO    ] components.quiz     : Eliminando intentos de jaapenasa@gmail.com en quiz 8786
2026-02-24 16:24:38 [INFO    ] components.quiz     : No hay intentos de jaapenasa@gmail.com (Nada que mostrar)
2026-02-24 16:24:38 [INFO    ] components.enrollment: Iniciando matrícula: jaapenasa@gmail.com en curso 612
2026-02-24 16:24:39 [INFO    ] components.enrollment: Aplicando filtro por: jaapenasa@gmail.com
2026-02-24 16:24:42 [INFO    ] components.enrollment: Filtro aplicado correctamente
2026-02-24 16:24:42 [INFO    ] components.enrollment: Usuario jaapenasa@gmail.com encontrado en lista de participantes
2026-02-24 16:24:42 [INFO    ] components.enrollment: Usuario ya matriculado, estado: Activo
2026-02-24 16:24:42 [INFO    ] components.enrollment: Actualizando matrícula (estado y fechas)...
2026-02-24 16:24:42 [INFO    ] components.enrollment: Reactivando matrícula para jaapenasa@gmail.com
2026-02-24 16:24:42 [INFO    ] components.enrollment: Modal SMOWL detectado, cerrando...
2026-02-24 16:24:43 [INFO    ] components.enrollment: Modal SMOWL cerrado
2026-02-24 16:24:49 [INFO    ] components.enrollment: Filtro aplicado correctamente
2026-02-24 16:24:49 [INFO    ] components.enrollment: Usuario jaapenasa@gmail.com encontrado en lista de participantes
2026-02-24 16:24:49 [INFO    ] core.browser        : Navegando a: https://campusvirtual.izyacademy.com/course/view.php?id=590
2026-02-24 16:24:50 [INFO    ] components.course   : Quizzes encontrados en curso 590: 2
2026-02-24 16:24:50 [INFO    ] components.quiz     : Eliminando intentos de jaapenasa@gmail.com en quiz 8533
2026-02-24 16:24:50 [INFO    ] components.quiz     : No hay intentos de jaapenasa@gmail.com (Nada que mostrar)
2026-02-24 16:24:50 [INFO    ] components.quiz     : Eliminando intentos de jaapenasa@gmail.com en quiz 8531
2026-02-24 16:24:51 [INFO    ] components.quiz     : No hay intentos de jaapenasa@gmail.com (Nada que mostrar)
2026-02-24 16:24:51 [INFO    ] components.enrollment: Iniciando matrícula: jaapenasa@gmail.com en curso 590
2026-02-24 16:24:52 [INFO    ] components.enrollment: Aplicando filtro por: jaapenasa@gmail.com
2026-02-24 16:24:55 [INFO    ] components.enrollment: Filtro aplicado correctamente
2026-02-24 16:24:55 [INFO    ] components.enrollment: Usuario jaapenasa@gmail.com encontrado en lista de participantes
2026-02-24 16:24:55 [INFO    ] components.enrollment: Usuario ya matriculado, estado: Activo
2026-02-24 16:24:55 [INFO    ] components.enrollment: Actualizando matrícula (estado y fechas)...
2026-02-24 16:24:55 [INFO    ] components.enrollment: Reactivando matrícula para jaapenasa@gmail.com
2026-02-24 16:24:55 [INFO    ] components.enrollment: Modal SMOWL detectado, cerrando...
2026-02-24 16:24:56 [INFO    ] components.enrollment: Modal SMOWL cerrado
2026-02-24 16:25:01 [INFO    ] components.enrollment: Filtro aplicado correctamente
2026-02-24 16:25:01 [INFO    ] components.enrollment: Usuario jaapenasa@gmail.com encontrado en lista de participantes
2026-02-24 16:25:02 [INFO    ] services.document_generator: Generando documento para: Jairo Antonio Peña Salazar
2026-02-24 16:25:02 [INFO    ] services.document_generator: Documento generado: output\Asignacion_Pruebas_Jairo_Antonio_Peña_Salazar_2026-02-24_16-25-02.docx
2026-02-24 16:25:02 [ERROR   ] services.excel_reader: Error actualizando estado: [Errno 13] Permission denied: './plantilla_solicitudes.xlsx'
2026-02-24 16:25:02 [ERROR   ] services.excel_reader: Error agregando a Procesados: [Errno 13] Permission denied: './plantilla_solicitudes.xlsx'
2026-02-24 16:25:02 [ERROR   ] services.excel_reader: Error actualizando estado: [Errno 13] Permission denied: './plantilla_solicitudes.xlsx'
2026-02-24 16:25:02 [INFO    ] components.user     : Buscando usuario por email: rueda.luisaf@gmail.com
2026-02-24 16:25:02 [INFO    ] core.browser        : Navegando a: https://campusvirtual.izyacademy.com/admin/user.php
2026-02-24 16:25:04 [INFO    ] components.user     : Limpiando filtros de búsqueda anteriores...
2026-02-24 16:25:05 [INFO    ] components.user     : Filtros limpiados correctamente
2026-02-24 16:25:18 [INFO    ] components.user     : No se encontró usuario con email: rueda.luisaf@gmail.com
2026-02-24 16:25:18 [INFO    ] components.user     : Iniciando creación de usuario: Luisa Fernanda Rueda
2026-02-24 16:25:18 [INFO    ] components.user     : Intento 1: Probando username 'lrueda'
2026-02-24 16:25:18 [INFO    ] models.user         : Username actualizado a: lrueda
2026-02-24 16:25:18 [INFO    ] core.browser        : Navegando a: https://campusvirtual.izyacademy.com/user/editadvanced.php?id=-1
2026-02-24 16:25:22 [INFO    ] core.browser        : Screenshot guardada: screenshots\user_form_filled_20260224_162522.png
2026-02-24 16:25:25 [INFO    ] components.user     : Usuario creado exitosamente
2026-02-24 16:25:25 [INFO    ] components.user     : Usuario creado: lrueda (rueda.luisaf@gmail.com)
2026-02-24 16:25:25 [INFO    ] core.browser        : Navegando a: https://campusvirtual.izyacademy.com/course/view.php?id=603
2026-02-24 16:25:26 [INFO    ] components.course   : Quizzes encontrados en curso 603: 2
2026-02-24 16:25:26 [INFO    ] components.quiz     : Eliminando intentos de rueda.luisaf@gmail.com en quiz 8736
2026-02-24 16:25:27 [INFO    ] components.quiz     : No hay intentos de rueda.luisaf@gmail.com (Nada que mostrar)
2026-02-24 16:25:27 [INFO    ] components.quiz     : Eliminando intentos de rueda.luisaf@gmail.com en quiz 8737
2026-02-24 16:25:28 [INFO    ] components.quiz     : No hay intentos de rueda.luisaf@gmail.com (Nada que mostrar)
2026-02-24 16:25:28 [INFO    ] components.enrollment: Iniciando matrícula: rueda.luisaf@gmail.com en curso 603
2026-02-24 16:25:29 [INFO    ] components.enrollment: Aplicando filtro por: rueda.luisaf@gmail.com
2026-02-24 16:25:32 [INFO    ] components.enrollment: Filtro aplicado correctamente
2026-02-24 16:25:52 [INFO    ] components.enrollment: Creando nueva matrícula para rueda.luisaf@gmail.com
2026-02-24 16:25:52 [INFO    ] components.enrollment: Modal SMOWL detectado, cerrando...
2026-02-24 16:25:52 [INFO    ] components.enrollment: Modal SMOWL cerrado
2026-02-24 16:26:00 [INFO    ] components.enrollment: Filtro aplicado correctamente
2026-02-24 16:26:00 [INFO    ] components.enrollment: Usuario rueda.luisaf@gmail.com encontrado en lista de participantes
2026-02-24 16:26:00 [INFO    ] core.browser        : Navegando a: https://campusvirtual.izyacademy.com/course/view.php?id=601
2026-02-24 16:26:01 [INFO    ] components.course   : Quizzes encontrados en curso 601: 4
2026-02-24 16:26:01 [INFO    ] components.quiz     : Eliminando intentos de rueda.luisaf@gmail.com en quiz 8710
2026-02-24 16:26:02 [INFO    ] components.quiz     : No hay intentos de rueda.luisaf@gmail.com (Nada que mostrar)
2026-02-24 16:26:02 [INFO    ] components.quiz     : Eliminando intentos de rueda.luisaf@gmail.com en quiz 8711
2026-02-24 16:26:02 [INFO    ] components.quiz     : No hay intentos de rueda.luisaf@gmail.com (Nada que mostrar)
2026-02-24 16:26:02 [INFO    ] components.quiz     : Eliminando intentos de rueda.luisaf@gmail.com en quiz 8712
2026-02-24 16:26:03 [INFO    ] components.quiz     : No hay intentos de rueda.luisaf@gmail.com (Nada que mostrar)
2026-02-24 16:26:03 [INFO    ] components.quiz     : Eliminando intentos de rueda.luisaf@gmail.com en quiz 8713
2026-02-24 16:26:04 [INFO    ] components.quiz     : No hay intentos de rueda.luisaf@gmail.com (Nada que mostrar)
2026-02-24 16:26:04 [INFO    ] components.enrollment: Iniciando matrícula: rueda.luisaf@gmail.com en curso 601
2026-02-24 16:26:05 [INFO    ] components.enrollment: Aplicando filtro por: rueda.luisaf@gmail.com
2026-02-24 16:26:08 [INFO    ] components.enrollment: Filtro aplicado correctamente
2026-02-24 16:26:28 [INFO    ] components.enrollment: Creando nueva matrícula para rueda.luisaf@gmail.com
2026-02-24 16:26:28 [INFO    ] components.enrollment: Modal SMOWL detectado, cerrando...
2026-02-24 16:26:29 [INFO    ] components.enrollment: Modal SMOWL cerrado
2026-02-24 16:26:37 [INFO    ] components.enrollment: Filtro aplicado correctamente
2026-02-24 16:26:37 [INFO    ] components.enrollment: Usuario rueda.luisaf@gmail.com encontrado en lista de participantes
2026-02-24 16:26:37 [INFO    ] core.browser        : Navegando a: https://campusvirtual.izyacademy.com/course/view.php?id=614
2026-02-24 16:26:39 [INFO    ] components.course   : Quizzes encontrados en curso 614: 4
2026-02-24 16:26:39 [INFO    ] components.quiz     : Eliminando intentos de rueda.luisaf@gmail.com en quiz 8797
2026-02-24 16:26:39 [INFO    ] components.quiz     : No hay intentos de rueda.luisaf@gmail.com (Nada que mostrar)
2026-02-24 16:26:39 [INFO    ] components.quiz     : Eliminando intentos de rueda.luisaf@gmail.com en quiz 8798
2026-02-24 16:26:40 [INFO    ] components.quiz     : No hay intentos de rueda.luisaf@gmail.com (Nada que mostrar)
2026-02-24 16:26:40 [INFO    ] components.quiz     : Eliminando intentos de rueda.luisaf@gmail.com en quiz 8799
2026-02-24 16:26:41 [INFO    ] components.quiz     : No hay intentos de rueda.luisaf@gmail.com (Nada que mostrar)
2026-02-24 16:26:41 [INFO    ] components.quiz     : Eliminando intentos de rueda.luisaf@gmail.com en quiz 8800
2026-02-24 16:26:42 [INFO    ] components.quiz     : No hay intentos de rueda.luisaf@gmail.com (Nada que mostrar)
2026-02-24 16:26:42 [INFO    ] components.enrollment: Iniciando matrícula: rueda.luisaf@gmail.com en curso 614
2026-02-24 16:26:43 [INFO    ] components.enrollment: Aplicando filtro por: rueda.luisaf@gmail.com
2026-02-24 16:26:47 [INFO    ] components.enrollment: Filtro aplicado correctamente
2026-02-24 16:27:07 [INFO    ] components.enrollment: Creando nueva matrícula para rueda.luisaf@gmail.com
2026-02-24 16:27:07 [INFO    ] components.enrollment: Modal SMOWL detectado, cerrando...
2026-02-24 16:27:07 [INFO    ] components.enrollment: Modal SMOWL cerrado
2026-02-24 16:27:16 [INFO    ] components.enrollment: Filtro aplicado correctamente
2026-02-24 16:27:16 [INFO    ] components.enrollment: Usuario rueda.luisaf@gmail.com encontrado en lista de participantes
2026-02-24 16:27:16 [INFO    ] core.browser        : Navegando a: https://campusvirtual.izyacademy.com/course/view.php?id=602
2026-02-24 16:27:17 [INFO    ] components.course   : Quizzes encontrados en curso 602: 4
2026-02-24 16:27:17 [INFO    ] components.quiz     : Eliminando intentos de rueda.luisaf@gmail.com en quiz 8722
2026-02-24 16:27:18 [INFO    ] components.quiz     : No hay intentos de rueda.luisaf@gmail.com (Nada que mostrar)
2026-02-24 16:27:18 [INFO    ] components.quiz     : Eliminando intentos de rueda.luisaf@gmail.com en quiz 8717
2026-02-24 16:27:19 [INFO    ] components.quiz     : No hay intentos de rueda.luisaf@gmail.com (Nada que mostrar)
2026-02-24 16:27:19 [INFO    ] components.quiz     : Eliminando intentos de rueda.luisaf@gmail.com en quiz 8719
2026-02-24 16:27:40 [INFO    ] components.quiz     : Eliminando intentos de rueda.luisaf@gmail.com en quiz 8720
2026-02-24 16:28:02 [INFO    ] components.enrollment: Iniciando matrícula: rueda.luisaf@gmail.com en curso 602
2026-02-24 16:28:03 [INFO    ] components.enrollment: Aplicando filtro por: rueda.luisaf@gmail.com
2026-02-24 16:28:06 [INFO    ] components.enrollment: Filtro aplicado correctamente
2026-02-24 16:28:26 [INFO    ] components.enrollment: Creando nueva matrícula para rueda.luisaf@gmail.com
2026-02-24 16:28:26 [INFO    ] components.enrollment: Modal SMOWL detectado, cerrando...
2026-02-24 16:28:26 [INFO    ] components.enrollment: Modal SMOWL cerrado
2026-02-24 16:28:34 [INFO    ] components.enrollment: Filtro aplicado correctamente
2026-02-24 16:28:34 [INFO    ] components.enrollment: Usuario rueda.luisaf@gmail.com encontrado en lista de participantes
2026-02-24 16:28:34 [INFO    ] services.document_generator: Generando documento para: Luisa Fernanda Rueda
2026-02-24 16:28:34 [INFO    ] services.document_generator: Documento generado: output\Asignacion_Pruebas_Luisa_Fernanda_Rueda_2026-02-24_16-28-34.docx
2026-02-24 16:28:34 [ERROR   ] services.excel_reader: Error actualizando estado: [Errno 13] Permission denied: './plantilla_solicitudes.xlsx'
2026-02-24 16:28:34 [ERROR   ] services.excel_reader: Error agregando a Procesados: [Errno 13] Permission denied: './plantilla_solicitudes.xlsx'
2026-02-24 16:28:34 [ERROR   ] services.excel_reader: Error actualizando estado: [Errno 13] Permission denied: './plantilla_solicitudes.xlsx'
2026-02-24 16:28:34 [INFO    ] components.user     : Buscando usuario por email: angiec.cespedesg@hotmail.com
2026-02-24 16:28:34 [INFO    ] core.browser        : Navegando a: https://campusvirtual.izyacademy.com/admin/user.php
2026-02-24 16:28:35 [INFO    ] components.user     : Limpiando filtros de búsqueda anteriores...
2026-02-24 16:28:37 [INFO    ] components.user     : Filtros limpiados correctamente
2026-02-24 16:28:50 [INFO    ] components.user     : No se encontró usuario con email: angiec.cespedesg@hotmail.com
2026-02-24 16:28:50 [INFO    ] components.user     : Iniciando creación de usuario: Angie Carolina Céspedes Gutiérrez
2026-02-24 16:28:50 [INFO    ] components.user     : Intento 1: Probando username 'acespedes'
2026-02-24 16:28:50 [INFO    ] models.user         : Username actualizado a: acespedes
2026-02-24 16:28:50 [INFO    ] core.browser        : Navegando a: https://campusvirtual.izyacademy.com/user/editadvanced.php?id=-1
2026-02-24 16:28:54 [INFO    ] core.browser        : Screenshot guardada: screenshots\user_form_filled_20260224_162854.png
2026-02-24 16:28:57 [INFO    ] components.user     : Usuario creado exitosamente
2026-02-24 16:28:57 [INFO    ] components.user     : Usuario creado: acespedes (angiec.cespedesg@hotmail.com)
2026-02-24 16:28:57 [INFO    ] core.browser        : Navegando a: https://campusvirtual.izyacademy.com/course/view.php?id=603
2026-02-24 16:28:57 [INFO    ] components.course   : Quizzes encontrados en curso 603: 2
2026-02-24 16:28:57 [INFO    ] components.quiz     : Eliminando intentos de angiec.cespedesg@hotmail.com en quiz 8736
2026-02-24 16:28:58 [INFO    ] components.quiz     : No hay intentos de angiec.cespedesg@hotmail.com (Nada que mostrar)
2026-02-24 16:28:58 [INFO    ] components.quiz     : Eliminando intentos de angiec.cespedesg@hotmail.com en quiz 8737
2026-02-24 16:28:59 [INFO    ] components.quiz     : No hay intentos de angiec.cespedesg@hotmail.com (Nada que mostrar)
2026-02-24 16:28:59 [INFO    ] components.enrollment: Iniciando matrícula: angiec.cespedesg@hotmail.com en curso 603
2026-02-24 16:29:00 [INFO    ] components.enrollment: Aplicando filtro por: angiec.cespedesg@hotmail.com
2026-02-24 16:29:03 [INFO    ] components.enrollment: Filtro aplicado correctamente
2026-02-24 16:29:23 [INFO    ] components.enrollment: Creando nueva matrícula para angiec.cespedesg@hotmail.com
2026-02-24 16:29:23 [INFO    ] components.enrollment: Modal SMOWL detectado, cerrando...
2026-02-24 16:29:23 [INFO    ] components.enrollment: Modal SMOWL cerrado
2026-02-24 16:29:31 [INFO    ] components.enrollment: Filtro aplicado correctamente
2026-02-24 16:29:31 [INFO    ] components.enrollment: Usuario angiec.cespedesg@hotmail.com encontrado en lista de participantes
2026-02-24 16:29:31 [INFO    ] core.browser        : Navegando a: https://campusvirtual.izyacademy.com/course/view.php?id=601
2026-02-24 16:29:32 [INFO    ] components.course   : Quizzes encontrados en curso 601: 4
2026-02-24 16:29:32 [INFO    ] components.quiz     : Eliminando intentos de angiec.cespedesg@hotmail.com en quiz 8710
2026-02-24 16:29:33 [INFO    ] components.quiz     : No hay intentos de angiec.cespedesg@hotmail.com (Nada que mostrar)
2026-02-24 16:29:33 [INFO    ] components.quiz     : Eliminando intentos de angiec.cespedesg@hotmail.com en quiz 8711
2026-02-24 16:29:34 [INFO    ] components.quiz     : No hay intentos de angiec.cespedesg@hotmail.com (Nada que mostrar)
2026-02-24 16:29:34 [INFO    ] components.quiz     : Eliminando intentos de angiec.cespedesg@hotmail.com en quiz 8712
2026-02-24 16:29:34 [INFO    ] components.quiz     : No hay intentos de angiec.cespedesg@hotmail.com (Nada que mostrar)
2026-02-24 16:29:34 [INFO    ] components.quiz     : Eliminando intentos de angiec.cespedesg@hotmail.com en quiz 8713
2026-02-24 16:29:35 [INFO    ] components.quiz     : No hay intentos de angiec.cespedesg@hotmail.com (Nada que mostrar)
2026-02-24 16:29:35 [INFO    ] components.enrollment: Iniciando matrícula: angiec.cespedesg@hotmail.com en curso 601
2026-02-24 16:29:36 [INFO    ] components.enrollment: Aplicando filtro por: angiec.cespedesg@hotmail.com
2026-02-24 16:29:39 [INFO    ] components.enrollment: Filtro aplicado correctamente
2026-02-24 16:29:59 [INFO    ] components.enrollment: Creando nueva matrícula para angiec.cespedesg@hotmail.com
2026-02-24 16:29:59 [INFO    ] components.enrollment: Modal SMOWL detectado, cerrando...
2026-02-24 16:30:00 [INFO    ] components.enrollment: Modal SMOWL cerrado
2026-02-24 16:30:09 [INFO    ] components.enrollment: Filtro aplicado correctamente
2026-02-24 16:30:09 [INFO    ] components.enrollment: Usuario angiec.cespedesg@hotmail.com encontrado en lista de participantes
2026-02-24 16:30:09 [INFO    ] core.browser        : Navegando a: https://campusvirtual.izyacademy.com/course/view.php?id=614
2026-02-24 16:30:10 [INFO    ] components.course   : Quizzes encontrados en curso 614: 4
2026-02-24 16:30:10 [INFO    ] components.quiz     : Eliminando intentos de angiec.cespedesg@hotmail.com en quiz 8797
2026-02-24 16:30:21 [INFO    ] components.quiz     : No se encontraron intentos de angiec.cespedesg@hotmail.com
2026-02-24 16:30:21 [INFO    ] components.quiz     : Eliminando intentos de angiec.cespedesg@hotmail.com en quiz 8798
2026-02-24 16:30:32 [INFO    ] components.quiz     : No se encontraron intentos de angiec.cespedesg@hotmail.com
2026-02-24 16:30:32 [INFO    ] components.quiz     : Eliminando intentos de angiec.cespedesg@hotmail.com en quiz 8799
2026-02-24 16:30:43 [INFO    ] components.quiz     : No se encontraron intentos de angiec.cespedesg@hotmail.com
2026-02-24 16:30:43 [INFO    ] components.quiz     : Eliminando intentos de angiec.cespedesg@hotmail.com en quiz 8800
2026-02-24 16:30:55 [INFO    ] components.quiz     : No se encontraron intentos de angiec.cespedesg@hotmail.com
2026-02-24 16:30:55 [INFO    ] components.enrollment: Iniciando matrícula: angiec.cespedesg@hotmail.com en curso 614
2026-02-24 16:30:56 [INFO    ] components.enrollment: Modal SMOWL detectado, cerrando...
2026-02-24 16:30:56 [INFO    ] components.enrollment: Modal SMOWL cerrado
2026-02-24 16:30:56 [INFO    ] components.enrollment: Aplicando filtro por: angiec.cespedesg@hotmail.com
2026-02-24 16:30:59 [INFO    ] components.enrollment: Filtro aplicado correctamente
2026-02-24 16:31:19 [INFO    ] components.enrollment: Creando nueva matrícula para angiec.cespedesg@hotmail.com
2026-02-24 16:31:27 [INFO    ] components.enrollment: Filtro aplicado correctamente
2026-02-24 16:31:27 [INFO    ] components.enrollment: Usuario angiec.cespedesg@hotmail.com encontrado en lista de participantes
2026-02-24 16:31:27 [INFO    ] core.browser        : Navegando a: https://campusvirtual.izyacademy.com/course/view.php?id=602
2026-02-24 16:31:28 [INFO    ] components.course   : Quizzes encontrados en curso 602: 4
2026-02-24 16:31:28 [INFO    ] components.quiz     : Eliminando intentos de angiec.cespedesg@hotmail.com en quiz 8722
2026-02-24 16:31:29 [INFO    ] components.quiz     : No hay intentos de angiec.cespedesg@hotmail.com (Nada que mostrar)
2026-02-24 16:31:29 [INFO    ] components.quiz     : Eliminando intentos de angiec.cespedesg@hotmail.com en quiz 8717
2026-02-24 16:31:30 [INFO    ] components.quiz     : No hay intentos de angiec.cespedesg@hotmail.com (Nada que mostrar)
2026-02-24 16:31:30 [INFO    ] components.quiz     : Eliminando intentos de angiec.cespedesg@hotmail.com en quiz 8719
2026-02-24 16:31:51 [INFO    ] components.quiz     : Eliminando intentos de angiec.cespedesg@hotmail.com en quiz 8720
2026-02-24 16:32:12 [INFO    ] components.enrollment: Iniciando matrícula: angiec.cespedesg@hotmail.com en curso 602
2026-02-24 16:32:14 [INFO    ] components.enrollment: Aplicando filtro por: angiec.cespedesg@hotmail.com
2026-02-24 16:32:16 [INFO    ] components.enrollment: Filtro aplicado correctamente
2026-02-24 16:32:37 [INFO    ] components.enrollment: Creando nueva matrícula para angiec.cespedesg@hotmail.com
2026-02-24 16:32:37 [INFO    ] components.enrollment: Modal SMOWL detectado, cerrando...
2026-02-24 16:32:37 [INFO    ] components.enrollment: Modal SMOWL cerrado
2026-02-24 16:32:45 [INFO    ] components.enrollment: Filtro aplicado correctamente
2026-02-24 16:32:45 [INFO    ] components.enrollment: Usuario angiec.cespedesg@hotmail.com encontrado en lista de participantes
2026-02-24 16:32:45 [INFO    ] services.document_generator: Generando documento para: Angie Carolina Céspedes Gutiérrez
2026-02-24 16:32:45 [INFO    ] services.document_generator: Documento generado: output\Asignacion_Pruebas_Angie_Carolina_Céspedes_Gutiérrez_2026-02-24_16-32-45.docx
2026-02-24 16:32:45 [ERROR   ] services.excel_reader: Error actualizando estado: [Errno 13] Permission denied: './plantilla_solicitudes.xlsx'
2026-02-24 16:32:45 [ERROR   ] services.excel_reader: Error agregando a Procesados: [Errno 13] Permission denied: './plantilla_solicitudes.xlsx'
2026-02-24 16:32:45 [ERROR   ] services.excel_reader: Error actualizando estado: [Errno 13] Permission denied: './plantilla_solicitudes.xlsx'
2026-02-24 16:32:45 [INFO    ] components.user     : Buscando usuario por email: yarroyave.cel@gmail.com
2026-02-24 16:32:45 [INFO    ] core.browser        : Navegando a: https://campusvirtual.izyacademy.com/admin/user.php
2026-02-24 16:32:47 [INFO    ] components.user     : Limpiando filtros de búsqueda anteriores...
2026-02-24 16:32:49 [INFO    ] components.user     : Filtros limpiados correctamente
2026-02-24 16:32:51 [INFO    ] components.user     : Usuario encontrado: Yony Alejandro Arroyave Salgado
2026-02-24 16:32:51 [INFO    ] components.user     : Actualizando contraseña para: yarroyave.cel@gmail.com
2026-02-24 16:32:59 [INFO    ] components.user     : Contraseña actualizada para: yarroyave
2026-02-24 16:32:59 [INFO    ] core.browser        : Navegando a: https://campusvirtual.izyacademy.com/course/view.php?id=604
2026-02-24 16:33:00 [INFO    ] components.course   : Quizzes encontrados en curso 604: 2
2026-02-24 16:33:00 [INFO    ] components.quiz     : Eliminando intentos de yarroyave.cel@gmail.com en quiz 8733
2026-02-24 16:33:00 [INFO    ] components.quiz     : Total checkboxes seleccionados: 1
2026-02-24 16:33:00 [INFO    ] components.quiz     : Seleccionados 1 intentos, procediendo a eliminar...
2026-02-24 16:33:03 [INFO    ] components.quiz     : ✓ Eliminados 1 intentos de yarroyave.cel@gmail.com
2026-02-24 16:33:03 [INFO    ] components.quiz     : Eliminando intentos de yarroyave.cel@gmail.com en quiz 8732
2026-02-24 16:33:04 [INFO    ] components.quiz     : Total checkboxes seleccionados: 1
2026-02-24 16:33:04 [INFO    ] components.quiz     : Seleccionados 1 intentos, procediendo a eliminar...
2026-02-24 16:33:07 [INFO    ] components.quiz     : ✓ Eliminados 1 intentos de yarroyave.cel@gmail.com
2026-02-24 16:33:07 [INFO    ] components.enrollment: Iniciando matrícula: yarroyave.cel@gmail.com en curso 604
2026-02-24 16:33:08 [INFO    ] components.enrollment: Aplicando filtro por: yarroyave.cel@gmail.com
2026-02-24 16:33:11 [INFO    ] components.enrollment: Filtro aplicado correctamente
2026-02-24 16:33:11 [INFO    ] components.enrollment: Usuario yarroyave.cel@gmail.com encontrado en lista de participantes
2026-02-24 16:33:11 [INFO    ] components.enrollment: Usuario ya matriculado, estado: No activo
2026-02-24 16:33:11 [INFO    ] components.enrollment: Actualizando matrícula (estado y fechas)...
2026-02-24 16:33:11 [INFO    ] components.enrollment: Reactivando matrícula para yarroyave.cel@gmail.com
2026-02-24 16:33:11 [INFO    ] components.enrollment: Modal SMOWL detectado, cerrando...
2026-02-24 16:33:11 [INFO    ] components.enrollment: Modal SMOWL cerrado
2026-02-24 16:33:17 [INFO    ] components.enrollment: Filtro aplicado correctamente
2026-02-24 16:33:17 [INFO    ] components.enrollment: Usuario yarroyave.cel@gmail.com encontrado en lista de participantes
2026-02-24 16:33:17 [INFO    ] core.browser        : Navegando a: https://campusvirtual.izyacademy.com/course/view.php?id=606
2026-02-24 16:33:19 [INFO    ] components.course   : Quizzes encontrados en curso 606: 4
2026-02-24 16:33:19 [INFO    ] components.quiz     : Eliminando intentos de yarroyave.cel@gmail.com en quiz 8766
2026-02-24 16:33:20 [INFO    ] components.quiz     : Total checkboxes seleccionados: 1
2026-02-24 16:33:20 [INFO    ] components.quiz     : Seleccionados 1 intentos, procediendo a eliminar...
2026-02-24 16:33:22 [INFO    ] components.quiz     : ✓ Eliminados 1 intentos de yarroyave.cel@gmail.com
2026-02-24 16:33:22 [INFO    ] components.quiz     : Eliminando intentos de yarroyave.cel@gmail.com en quiz 8760
2026-02-24 16:33:23 [INFO    ] components.quiz     : Total checkboxes seleccionados: 1
2026-02-24 16:33:23 [INFO    ] components.quiz     : Seleccionados 1 intentos, procediendo a eliminar...
2026-02-24 16:33:26 [INFO    ] components.quiz     : ✓ Eliminados 1 intentos de yarroyave.cel@gmail.com
2026-02-24 16:33:26 [INFO    ] components.quiz     : Eliminando intentos de yarroyave.cel@gmail.com en quiz 8761
2026-02-24 16:33:26 [INFO    ] components.quiz     : No hay intentos de yarroyave.cel@gmail.com (Nada que mostrar)
2026-02-24 16:33:26 [INFO    ] components.quiz     : Eliminando intentos de yarroyave.cel@gmail.com en quiz 8762
2026-02-24 16:33:27 [INFO    ] components.quiz     : No hay intentos de yarroyave.cel@gmail.com (Nada que mostrar)
2026-02-24 16:33:27 [INFO    ] components.enrollment: Iniciando matrícula: yarroyave.cel@gmail.com en curso 606
2026-02-24 16:33:28 [INFO    ] components.enrollment: Aplicando filtro por: yarroyave.cel@gmail.com
2026-02-24 16:33:31 [INFO    ] components.enrollment: Filtro aplicado correctamente
2026-02-24 16:33:31 [INFO    ] components.enrollment: Usuario yarroyave.cel@gmail.com encontrado en lista de participantes
2026-02-24 16:33:31 [INFO    ] components.enrollment: Usuario ya matriculado, estado: No activo
2026-02-24 16:33:31 [INFO    ] components.enrollment: Actualizando matrícula (estado y fechas)...
2026-02-24 16:33:31 [INFO    ] components.enrollment: Reactivando matrícula para yarroyave.cel@gmail.com
2026-02-24 16:33:31 [INFO    ] components.enrollment: Modal SMOWL detectado, cerrando...
2026-02-24 16:33:32 [INFO    ] components.enrollment: Modal SMOWL cerrado
2026-02-24 16:33:37 [INFO    ] components.enrollment: Filtro aplicado correctamente
2026-02-24 16:33:38 [INFO    ] components.enrollment: Usuario yarroyave.cel@gmail.com encontrado en lista de participantes
2026-02-24 16:33:38 [INFO    ] services.document_generator: Generando documento para: Yony Alejandro Arroyave Salgado
2026-02-24 16:33:38 [INFO    ] services.document_generator: Documento generado: output\Asignacion_Pruebas_Yony_Alejandro_Arroyave_Salgado_2026-02-24_16-33-38.docx
2026-02-24 16:33:38 [ERROR   ] services.excel_reader: Error actualizando estado: [Errno 13] Permission denied: './plantilla_solicitudes.xlsx'
2026-02-24 16:33:38 [ERROR   ] services.excel_reader: Error agregando a Procesados: [Errno 13] Permission denied: './plantilla_solicitudes.xlsx'
2026-02-24 16:33:38 [ERROR   ] services.excel_reader: Error actualizando estado: [Errno 13] Permission denied: './plantilla_solicitudes.xlsx'
2026-02-24 16:33:38 [INFO    ] components.user     : Buscando usuario por email: nalejandra.reina@gmail.com
2026-02-24 16:33:38 [INFO    ] core.browser        : Navegando a: https://campusvirtual.izyacademy.com/admin/user.php
2026-02-24 16:33:39 [INFO    ] components.user     : Limpiando filtros de búsqueda anteriores...
2026-02-24 16:33:41 [INFO    ] components.user     : Filtros limpiados correctamente
2026-02-24 16:33:43 [INFO    ] components.user     : Usuario encontrado: Nelly Alejandra Reina Buitrago
2026-02-24 16:33:43 [INFO    ] components.user     : Actualizando contraseña para: nalejandra.reina@gmail.com
2026-02-24 16:33:51 [INFO    ] components.user     : Contraseña actualizada para: nreina1
2026-02-24 16:33:51 [INFO    ] core.browser        : Navegando a: https://campusvirtual.izyacademy.com/course/view.php?id=614
2026-02-24 16:33:52 [INFO    ] components.course   : Quizzes encontrados en curso 614: 4
2026-02-24 16:33:52 [INFO    ] components.quiz     : Eliminando intentos de nalejandra.reina@gmail.com en quiz 8797
2026-02-24 16:33:53 [INFO    ] components.quiz     : No hay intentos de nalejandra.reina@gmail.com (Nada que mostrar)
2026-02-24 16:33:53 [INFO    ] components.quiz     : Eliminando intentos de nalejandra.reina@gmail.com en quiz 8798
2026-02-24 16:33:53 [INFO    ] components.quiz     : No hay intentos de nalejandra.reina@gmail.com (Nada que mostrar)
2026-02-24 16:33:53 [INFO    ] components.quiz     : Eliminando intentos de nalejandra.reina@gmail.com en quiz 8799
2026-02-24 16:33:54 [INFO    ] components.quiz     : No hay intentos de nalejandra.reina@gmail.com (Nada que mostrar)
2026-02-24 16:33:54 [INFO    ] components.quiz     : Eliminando intentos de nalejandra.reina@gmail.com en quiz 8800
2026-02-24 16:33:55 [INFO    ] components.quiz     : No hay intentos de nalejandra.reina@gmail.com (Nada que mostrar)
2026-02-24 16:33:55 [INFO    ] components.enrollment: Iniciando matrícula: nalejandra.reina@gmail.com en curso 614
2026-02-24 16:33:56 [INFO    ] components.enrollment: Aplicando filtro por: nalejandra.reina@gmail.com
2026-02-24 16:33:59 [INFO    ] components.enrollment: Filtro aplicado correctamente
2026-02-24 16:33:59 [INFO    ] components.enrollment: Usuario nalejandra.reina@gmail.com encontrado en lista de participantes
2026-02-24 16:33:59 [INFO    ] components.enrollment: Usuario ya matriculado, estado: Activo
2026-02-24 16:33:59 [INFO    ] components.enrollment: Actualizando matrícula (estado y fechas)...
2026-02-24 16:33:59 [INFO    ] components.enrollment: Reactivando matrícula para nalejandra.reina@gmail.com
2026-02-24 16:33:59 [INFO    ] components.enrollment: Modal SMOWL detectado, cerrando...
2026-02-24 16:33:59 [INFO    ] components.enrollment: Modal SMOWL cerrado
2026-02-24 16:34:06 [INFO    ] components.enrollment: Filtro aplicado correctamente
2026-02-24 16:34:06 [INFO    ] components.enrollment: Usuario nalejandra.reina@gmail.com encontrado en lista de participantes
2026-02-24 16:34:06 [INFO    ] core.browser        : Navegando a: https://campusvirtual.izyacademy.com/course/view.php?id=607
2026-02-24 16:34:07 [INFO    ] components.course   : Quizzes encontrados en curso 607: 4
2026-02-24 16:34:07 [INFO    ] components.quiz     : Eliminando intentos de nalejandra.reina@gmail.com en quiz 8767
2026-02-24 16:34:08 [INFO    ] components.quiz     : No hay intentos de nalejandra.reina@gmail.com (Nada que mostrar)
2026-02-24 16:34:08 [INFO    ] components.quiz     : Eliminando intentos de nalejandra.reina@gmail.com en quiz 8757
2026-02-24 16:34:08 [INFO    ] components.quiz     : No hay intentos de nalejandra.reina@gmail.com (Nada que mostrar)
2026-02-24 16:34:08 [INFO    ] components.quiz     : Eliminando intentos de nalejandra.reina@gmail.com en quiz 8758
2026-02-24 16:34:09 [INFO    ] components.quiz     : No hay intentos de nalejandra.reina@gmail.com (Nada que mostrar)
2026-02-24 16:34:09 [INFO    ] components.quiz     : Eliminando intentos de nalejandra.reina@gmail.com en quiz 8759
2026-02-24 16:34:10 [INFO    ] components.quiz     : No hay intentos de nalejandra.reina@gmail.com (Nada que mostrar)
2026-02-24 16:34:10 [INFO    ] components.enrollment: Iniciando matrícula: nalejandra.reina@gmail.com en curso 607
2026-02-24 16:34:11 [INFO    ] components.enrollment: Aplicando filtro por: nalejandra.reina@gmail.com
2026-02-24 16:34:14 [INFO    ] components.enrollment: Filtro aplicado correctamente
2026-02-24 16:34:14 [INFO    ] components.enrollment: Usuario nalejandra.reina@gmail.com encontrado en lista de participantes
2026-02-24 16:34:14 [INFO    ] components.enrollment: Usuario ya matriculado, estado: Activo
2026-02-24 16:34:14 [INFO    ] components.enrollment: Actualizando matrícula (estado y fechas)...
2026-02-24 16:34:14 [INFO    ] components.enrollment: Reactivando matrícula para nalejandra.reina@gmail.com
2026-02-24 16:34:14 [INFO    ] components.enrollment: Modal SMOWL detectado, cerrando...
2026-02-24 16:34:14 [INFO    ] components.enrollment: Modal SMOWL cerrado
2026-02-24 16:34:21 [INFO    ] components.enrollment: Filtro aplicado correctamente
2026-02-24 16:34:21 [INFO    ] components.enrollment: Usuario nalejandra.reina@gmail.com encontrado en lista de participantes
2026-02-24 16:34:21 [INFO    ] services.document_generator: Generando documento para: Nelly Alejandra Reina Buitrago
2026-02-24 16:34:21 [INFO    ] services.document_generator: Documento generado: output\Asignacion_Pruebas_Nelly_Alejandra_Reina_Buitrago_2026-02-24_16-34-21.docx
2026-02-24 16:34:21 [ERROR   ] services.excel_reader: Error actualizando estado: [Errno 13] Permission denied: './plantilla_solicitudes.xlsx'
2026-02-24 16:34:21 [ERROR   ] services.excel_reader: Error agregando a Procesados: [Errno 13] Permission denied: './plantilla_solicitudes.xlsx'
2026-02-24 16:34:23 [INFO    ] core.browser        : Navegador cerrado correctamente
2026-02-24 16:42:08 [INFO    ] services.course_cache: Cache cargado: 29 cursos
2026-02-24 16:42:08 [INFO    ] services.excel_reader: Leyendo solicitudes de: ./plantilla_solicitudes.xlsx
2026-02-24 16:42:08 [INFO    ] services.excel_reader: Encontradas 2 solicitudes pendientes
2026-02-24 16:42:23 [INFO    ] core.browser        : Iniciando navegador Chrome...
2026-02-24 16:42:26 [INFO    ] core.browser        : Navegador iniciado correctamente
2026-02-24 16:42:26 [INFO    ] components.auth     : Iniciando sesión para usuario: adminalejandro
2026-02-24 16:42:26 [INFO    ] core.browser        : Navegando a: https://campusvirtual.izyacademy.com/login/index.php
2026-02-24 16:42:28 [INFO    ] core.browser        : Banner de cookies cerrado
2026-02-24 16:42:31 [INFO    ] components.auth     : Login exitoso para: adminalejandro
2026-02-24 16:42:31 [ERROR   ] services.excel_reader: Error actualizando estado: [Errno 13] Permission denied: './plantilla_solicitudes.xlsx'
2026-02-24 16:42:31 [INFO    ] components.user     : Buscando usuario por email: 7diegofernando@gmail.com
2026-02-24 16:42:31 [INFO    ] core.browser        : Navegando a: https://campusvirtual.izyacademy.com/admin/user.php
2026-02-24 16:43:33 [INFO    ] components.user     : No se encontró usuario con email: 7diegofernando@gmail.com
2026-02-24 16:43:33 [INFO    ] components.user     : Iniciando creación de usuario: Diego Barrera
2026-02-24 16:43:33 [INFO    ] components.user     : Intento 1: Probando username 'dbarrera'
2026-02-24 16:43:33 [INFO    ] models.user         : Username actualizado a: dbarrera
2026-02-24 16:43:33 [INFO    ] core.browser        : Navegando a: https://campusvirtual.izyacademy.com/user/editadvanced.php?id=-1
2026-02-24 16:43:37 [INFO    ] core.browser        : Screenshot guardada: screenshots\user_form_filled_20260224_164337.png
2026-02-24 16:43:41 [INFO    ] components.user     : Usuario creado exitosamente
2026-02-24 16:43:41 [INFO    ] components.user     : Usuario creado: dbarrera (7diegofernando@gmail.com)
2026-02-24 16:43:41 [INFO    ] core.browser        : Navegando a: https://campusvirtual.izyacademy.com/course/view.php?id=606
2026-02-24 16:43:42 [INFO    ] components.course   : Quizzes encontrados en curso 606: 4
2026-02-24 16:43:42 [INFO    ] components.quiz     : Eliminando intentos de 7diegofernando@gmail.com en quiz 8766
2026-02-24 16:43:43 [INFO    ] components.quiz     : No hay intentos de 7diegofernando@gmail.com (Nada que mostrar)
2026-02-24 16:43:43 [INFO    ] components.quiz     : Eliminando intentos de 7diegofernando@gmail.com en quiz 8760
2026-02-24 16:43:44 [INFO    ] components.quiz     : No hay intentos de 7diegofernando@gmail.com (Nada que mostrar)
2026-02-24 16:43:44 [INFO    ] components.quiz     : Eliminando intentos de 7diegofernando@gmail.com en quiz 8761
2026-02-24 16:43:45 [INFO    ] components.quiz     : No hay intentos de 7diegofernando@gmail.com (Nada que mostrar)
2026-02-24 16:43:45 [INFO    ] components.quiz     : Eliminando intentos de 7diegofernando@gmail.com en quiz 8762
2026-02-24 16:43:46 [INFO    ] components.quiz     : No hay intentos de 7diegofernando@gmail.com (Nada que mostrar)
2026-02-24 16:43:46 [INFO    ] components.enrollment: Iniciando matrícula: 7diegofernando@gmail.com en curso 606
2026-02-24 16:43:47 [INFO    ] components.enrollment: Aplicando filtro por: 7diegofernando@gmail.com
2026-02-24 16:43:50 [INFO    ] components.enrollment: Filtro aplicado correctamente
2026-02-24 16:44:10 [INFO    ] components.enrollment: Creando nueva matrícula para 7diegofernando@gmail.com
2026-02-24 16:44:10 [INFO    ] components.enrollment: Modal SMOWL detectado, cerrando...
2026-02-24 16:44:11 [INFO    ] components.enrollment: Modal SMOWL cerrado
2026-02-24 16:44:20 [INFO    ] components.enrollment: Filtro aplicado correctamente
2026-02-24 16:44:20 [INFO    ] components.enrollment: Usuario 7diegofernando@gmail.com encontrado en lista de participantes
2026-02-24 16:44:20 [INFO    ] core.browser        : Navegando a: https://campusvirtual.izyacademy.com/course/view.php?id=604
2026-02-24 16:44:21 [INFO    ] components.course   : Quizzes encontrados en curso 604: 2
2026-02-24 16:44:21 [INFO    ] components.quiz     : Eliminando intentos de 7diegofernando@gmail.com en quiz 8733
2026-02-24 16:44:32 [INFO    ] components.quiz     : No se encontraron intentos de 7diegofernando@gmail.com
2026-02-24 16:44:32 [INFO    ] components.quiz     : Eliminando intentos de 7diegofernando@gmail.com en quiz 8732
2026-02-24 16:44:43 [INFO    ] components.quiz     : No se encontraron intentos de 7diegofernando@gmail.com
2026-02-24 16:44:43 [INFO    ] components.enrollment: Iniciando matrícula: 7diegofernando@gmail.com en curso 604
2026-02-24 16:44:44 [INFO    ] components.enrollment: Aplicando filtro por: 7diegofernando@gmail.com
2026-02-24 16:44:47 [INFO    ] components.enrollment: Filtro aplicado correctamente
2026-02-24 16:45:07 [INFO    ] components.enrollment: Creando nueva matrícula para 7diegofernando@gmail.com
2026-02-24 16:45:07 [INFO    ] components.enrollment: Modal SMOWL detectado, cerrando...
2026-02-24 16:45:08 [INFO    ] components.enrollment: Modal SMOWL cerrado
2026-02-24 16:45:17 [INFO    ] components.enrollment: Filtro aplicado correctamente
2026-02-24 16:45:17 [INFO    ] components.enrollment: Usuario 7diegofernando@gmail.com encontrado en lista de participantes
2026-02-24 16:45:17 [INFO    ] services.document_generator: Generando documento para: Diego Barrera
2026-02-24 16:45:17 [INFO    ] services.document_generator: Documento generado: output\Asignacion_Pruebas_Diego_Barrera_2026-02-24_16-45-17.docx
2026-02-24 16:45:17 [ERROR   ] services.excel_reader: Error actualizando estado: [Errno 13] Permission denied: './plantilla_solicitudes.xlsx'
2026-02-24 16:45:17 [ERROR   ] services.excel_reader: Error agregando a Procesados: [Errno 13] Permission denied: './plantilla_solicitudes.xlsx'
2026-02-24 16:45:17 [ERROR   ] services.excel_reader: Error actualizando estado: [Errno 13] Permission denied: './plantilla_solicitudes.xlsx'
2026-02-24 16:45:17 [INFO    ] components.user     : Buscando usuario por email: harold99belmor@gmail.com
2026-02-24 16:45:17 [INFO    ] core.browser        : Navegando a: https://campusvirtual.izyacademy.com/admin/user.php
2026-02-24 16:45:19 [INFO    ] components.user     : Limpiando filtros de búsqueda anteriores...
2026-02-24 16:45:21 [INFO    ] components.user     : Filtros limpiados correctamente
2026-02-24 16:45:33 [INFO    ] components.user     : No se encontró usuario con email: harold99belmor@gmail.com
2026-02-24 16:45:33 [INFO    ] components.user     : Iniciando creación de usuario: Harold Beltran
2026-02-24 16:45:33 [INFO    ] components.user     : Intento 1: Probando username 'hbeltran'
2026-02-24 16:45:33 [INFO    ] models.user         : Username actualizado a: hbeltran
2026-02-24 16:45:33 [INFO    ] core.browser        : Navegando a: https://campusvirtual.izyacademy.com/user/editadvanced.php?id=-1
2026-02-24 16:45:37 [INFO    ] core.browser        : Screenshot guardada: screenshots\user_form_filled_20260224_164537.png
2026-02-24 16:45:41 [INFO    ] components.user     : Usuario creado exitosamente
2026-02-24 16:45:41 [INFO    ] components.user     : Usuario creado: hbeltran (harold99belmor@gmail.com)
2026-02-24 16:45:41 [INFO    ] core.browser        : Navegando a: https://campusvirtual.izyacademy.com/course/view.php?id=606
2026-02-24 16:45:42 [INFO    ] components.course   : Quizzes encontrados en curso 606: 4
2026-02-24 16:45:42 [INFO    ] components.quiz     : Eliminando intentos de harold99belmor@gmail.com en quiz 8766
2026-02-24 16:45:43 [INFO    ] components.quiz     : No hay intentos de harold99belmor@gmail.com (Nada que mostrar)
2026-02-24 16:45:43 [INFO    ] components.quiz     : Eliminando intentos de harold99belmor@gmail.com en quiz 8760
2026-02-24 16:45:44 [INFO    ] components.quiz     : No hay intentos de harold99belmor@gmail.com (Nada que mostrar)
2026-02-24 16:45:44 [INFO    ] components.quiz     : Eliminando intentos de harold99belmor@gmail.com en quiz 8761
2026-02-24 16:45:45 [INFO    ] components.quiz     : No hay intentos de harold99belmor@gmail.com (Nada que mostrar)
2026-02-24 16:45:45 [INFO    ] components.quiz     : Eliminando intentos de harold99belmor@gmail.com en quiz 8762
2026-02-24 16:45:45 [INFO    ] components.quiz     : No hay intentos de harold99belmor@gmail.com (Nada que mostrar)
2026-02-24 16:45:45 [INFO    ] components.enrollment: Iniciando matrícula: harold99belmor@gmail.com en curso 606
2026-02-24 16:45:46 [INFO    ] components.enrollment: Aplicando filtro por: harold99belmor@gmail.com
2026-02-24 16:45:49 [INFO    ] components.enrollment: Filtro aplicado correctamente
2026-02-24 16:46:09 [INFO    ] components.enrollment: Creando nueva matrícula para harold99belmor@gmail.com
2026-02-24 16:46:10 [INFO    ] components.enrollment: Modal SMOWL detectado, cerrando...
2026-02-24 16:46:10 [INFO    ] components.enrollment: Modal SMOWL cerrado
2026-02-24 16:46:18 [INFO    ] components.enrollment: Filtro aplicado correctamente
2026-02-24 16:46:18 [INFO    ] components.enrollment: Usuario harold99belmor@gmail.com encontrado en lista de participantes
2026-02-24 16:46:19 [INFO    ] core.browser        : Navegando a: https://campusvirtual.izyacademy.com/course/view.php?id=604
2026-02-24 16:46:20 [INFO    ] components.course   : Quizzes encontrados en curso 604: 2
2026-02-24 16:46:20 [INFO    ] components.quiz     : Eliminando intentos de harold99belmor@gmail.com en quiz 8733
2026-02-24 16:46:20 [INFO    ] components.quiz     : No hay intentos de harold99belmor@gmail.com (Nada que mostrar)
2026-02-24 16:46:20 [INFO    ] components.quiz     : Eliminando intentos de harold99belmor@gmail.com en quiz 8732
2026-02-24 16:46:21 [INFO    ] components.quiz     : No hay intentos de harold99belmor@gmail.com (Nada que mostrar)
2026-02-24 16:46:21 [INFO    ] components.enrollment: Iniciando matrícula: harold99belmor@gmail.com en curso 604
2026-02-24 16:46:23 [INFO    ] components.enrollment: Aplicando filtro por: harold99belmor@gmail.com
2026-02-24 16:46:26 [INFO    ] components.enrollment: Filtro aplicado correctamente
2026-02-24 16:46:46 [INFO    ] components.enrollment: Creando nueva matrícula para harold99belmor@gmail.com
2026-02-24 16:46:46 [INFO    ] components.enrollment: Modal SMOWL detectado, cerrando...
2026-02-24 16:46:46 [INFO    ] components.enrollment: Modal SMOWL cerrado
2026-02-24 16:46:55 [INFO    ] components.enrollment: Filtro aplicado correctamente
2026-02-24 16:46:55 [INFO    ] components.enrollment: Usuario harold99belmor@gmail.com encontrado en lista de participantes
2026-02-24 16:46:55 [INFO    ] services.document_generator: Generando documento para: Harold Beltran
2026-02-24 16:46:55 [INFO    ] services.document_generator: Documento generado: output\Asignacion_Pruebas_Harold_Beltran_2026-02-24_16-46-55.docx
2026-02-24 16:46:55 [ERROR   ] services.excel_reader: Error actualizando estado: [Errno 13] Permission denied: './plantilla_solicitudes.xlsx'
2026-02-24 16:46:55 [ERROR   ] services.excel_reader: Error agregando a Procesados: [Errno 13] Permission denied: './plantilla_solicitudes.xlsx'
2026-02-24 16:46:57 [INFO    ] core.browser        : Navegador cerrado correctamente
