2026-03-05 16:15:29 [INFO    ] services.course_cache: Cache cargado: 24 cursos
2026-03-05 16:15:29 [INFO    ] services.excel_reader: Leyendo solicitudes de: ./plantilla_solicitudes.xlsx
2026-03-05 16:15:29 [INFO    ] services.excel_reader: Encontradas 1 solicitudes pendientes
2026-03-05 16:15:59 [INFO    ] core.browser        : Iniciando navegador Chrome...
2026-03-05 16:16:03 [INFO    ] core.browser        : Navegador iniciado correctamente
2026-03-05 16:16:03 [INFO    ] components.auth     : Iniciando sesión para usuario: adminalejandro
2026-03-05 16:16:03 [INFO    ] core.browser        : Navegando a: https://campusvirtual.izyacademy.com/login/index.php
2026-03-05 16:16:06 [INFO    ] core.browser        : Banner de cookies cerrado
2026-03-05 16:16:09 [INFO    ] components.auth     : Login exitoso para: adminalejandro
2026-03-05 16:16:09 [ERROR   ] services.excel_reader: Error actualizando estado: [Errno 13] Permission denied: './plantilla_solicitudes.xlsx'
2026-03-05 16:16:09 [INFO    ] components.user     : Buscando usuario por email: duilia.guerrerov@gmail.com
2026-03-05 16:16:09 [INFO    ] core.browser        : Navegando a: https://campusvirtual.izyacademy.com/admin/user.php
2026-03-05 16:16:45 [INFO    ] components.user     : No se encontró usuario con email: duilia.guerrerov@gmail.com
2026-03-05 16:16:45 [INFO    ] components.user     : Iniciando creación de usuario: Duilia Guerrero
2026-03-05 16:16:45 [INFO    ] components.user     : Intento 1: Probando username 'dguerrero'
2026-03-05 16:16:45 [INFO    ] models.user         : Username actualizado a: dguerrero
2026-03-05 16:16:45 [INFO    ] core.browser        : Navegando a: https://campusvirtual.izyacademy.com/user/editadvanced.php?id=-1
2026-03-05 16:16:50 [INFO    ] core.browser        : Screenshot guardada: screenshots\user_form_filled_20260305_161650.png
2026-03-05 16:16:54 [INFO    ] components.user     : Usuario creado exitosamente
2026-03-05 16:16:54 [INFO    ] components.user     : Usuario creado: dguerrero (duilia.guerrerov@gmail.com)
2026-03-05 16:16:54 [INFO    ] core.browser        : Navegando a: https://campusvirtual.izyacademy.com/course/view.php?id=315
2026-03-05 16:16:55 [INFO    ] components.course   : Quizzes encontrados en curso 315: 1
2026-03-05 16:16:56 [INFO    ] components.quiz     : Eliminando intentos de duilia.guerrerov@gmail.com en quiz 3636
2026-03-05 16:16:57 [INFO    ] components.quiz     : No hay intentos de duilia.guerrerov@gmail.com (Nada que mostrar)
2026-03-05 16:16:57 [INFO    ] components.enrollment: Iniciando matrícula: duilia.guerrerov@gmail.com en curso 315
2026-03-05 16:16:58 [INFO    ] components.enrollment: Aplicando filtro por: duilia.guerrerov@gmail.com
2026-03-05 16:17:02 [INFO    ] components.enrollment: Filtro aplicado correctamente
2026-03-05 16:17:22 [INFO    ] components.enrollment: Creando nueva matrícula para duilia.guerrerov@gmail.com
2026-03-05 16:17:31 [INFO    ] components.enrollment: Filtro aplicado correctamente
2026-03-05 16:17:31 [INFO    ] components.enrollment: Usuario duilia.guerrerov@gmail.com encontrado en lista de participantes
2026-03-05 16:17:31 [INFO    ] services.document_generator: Generando documento para: Duilia Guerrero
2026-03-05 16:17:32 [INFO    ] services.document_generator: Documento generado: output\Asignacion_Pruebas_Duilia_Guerrero_2026-03-05_16-17-32.docx
2026-03-05 16:17:32 [ERROR   ] services.excel_reader: Error actualizando estado: [Errno 13] Permission denied: './plantilla_solicitudes.xlsx'
2026-03-05 16:17:32 [ERROR   ] services.excel_reader: Error agregando a Procesados: [Errno 13] Permission denied: './plantilla_solicitudes.xlsx'
2026-03-05 16:17:34 [INFO    ] core.browser        : Navegador cerrado correctamente
