2026-03-06 16:23:06 [INFO    ] services.course_cache: Cache cargado: 24 cursos
2026-03-06 16:23:06 [INFO    ] services.excel_reader: Leyendo solicitudes de: ./plantilla_solicitudes.xlsx
2026-03-06 16:23:06 [INFO    ] services.excel_reader: Encontradas 7 solicitudes pendientes
2026-03-06 16:23:35 [INFO    ] core.browser        : Iniciando navegador Chrome...
2026-03-06 16:23:39 [INFO    ] core.browser        : Navegador iniciado correctamente
2026-03-06 16:23:39 [INFO    ] components.auth     : Iniciando sesión para usuario: adminalejandro
2026-03-06 16:23:39 [INFO    ] core.browser        : Navegando a: https://campusvirtual.izyacademy.com/login/index.php
2026-03-06 16:23:41 [INFO    ] core.browser        : Banner de cookies cerrado
2026-03-06 16:23:44 [INFO    ] components.auth     : Login exitoso para: adminalejandro
2026-03-06 16:23:44 [ERROR   ] services.excel_reader: Error actualizando estado: [Errno 13] Permission denied: './plantilla_solicitudes.xlsx'
2026-03-06 16:23:44 [INFO    ] components.user     : Buscando usuario por email: nikopinilla52@gmail.com
2026-03-06 16:23:44 [INFO    ] core.browser        : Navegando a: https://campusvirtual.izyacademy.com/admin/user.php
2026-03-06 16:24:19 [INFO    ] components.user     : No se encontró usuario con email: nikopinilla52@gmail.com
2026-03-06 16:24:19 [INFO    ] components.user     : Iniciando creación de usuario: Nicolas Rodriguez Pinilla
2026-03-06 16:24:19 [INFO    ] components.user     : Intento 1: Probando username 'nrodriguez'
2026-03-06 16:24:19 [INFO    ] models.user         : Username actualizado a: nrodriguez
2026-03-06 16:24:19 [INFO    ] core.browser        : Navegando a: https://campusvirtual.izyacademy.com/user/editadvanced.php?id=-1
2026-03-06 16:24:24 [INFO    ] core.browser        : Screenshot guardada: screenshots\user_form_filled_20260306_162424.png
2026-03-06 16:24:26 [ERROR   ] components.user     : Errores en formulario: Este nombre de usuario ya existe. Por favor, seleccione otro.
2026-03-06 16:24:26 [WARNING ] components.user     : Username 'nrodriguez' ya existe, probando siguiente...
2026-03-06 16:24:26 [INFO    ] components.user     : Intento 2: Probando username 'nrodriguez1'
2026-03-06 16:24:26 [INFO    ] models.user         : Username actualizado a: nrodriguez1
2026-03-06 16:24:26 [INFO    ] core.browser        : Navegando a: https://campusvirtual.izyacademy.com/user/editadvanced.php?id=-1
2026-03-06 16:24:34 [INFO    ] components.user     : Usuario creado exitosamente
2026-03-06 16:24:34 [INFO    ] components.user     : Usuario creado: nrodriguez1 (nikopinilla52@gmail.com)
2026-03-06 16:24:34 [INFO    ] core.browser        : Navegando a: https://campusvirtual.izyacademy.com/course/view.php?id=315
2026-03-06 16:24:35 [INFO    ] components.course   : Quizzes encontrados en curso 315: 1
2026-03-06 16:24:35 [INFO    ] components.quiz     : Eliminando intentos de nikopinilla52@gmail.com en quiz 3636
2026-03-06 16:24:36 [INFO    ] components.quiz     : No hay intentos de nikopinilla52@gmail.com (Nada que mostrar)
2026-03-06 16:24:36 [INFO    ] components.enrollment: Iniciando matrícula: nikopinilla52@gmail.com en curso 315
2026-03-06 16:24:38 [INFO    ] components.enrollment: Aplicando filtro por: nikopinilla52@gmail.com
2026-03-06 16:24:41 [INFO    ] components.enrollment: Filtro aplicado correctamente
2026-03-06 16:25:01 [INFO    ] components.enrollment: Creando nueva matrícula para nikopinilla52@gmail.com
2026-03-06 16:25:10 [INFO    ] components.enrollment: Filtro aplicado correctamente
2026-03-06 16:25:10 [INFO    ] components.enrollment: Usuario nikopinilla52@gmail.com encontrado en lista de participantes
2026-03-06 16:25:11 [INFO    ] services.document_generator: Generando documento para: Nicolas Rodriguez Pinilla
2026-03-06 16:25:11 [INFO    ] services.document_generator: Documento generado: output\Asignacion_Pruebas_Nicolas_Rodriguez_Pinilla_2026-03-06_16-25-11.docx
2026-03-06 16:25:11 [ERROR   ] services.excel_reader: Error actualizando estado: [Errno 13] Permission denied: './plantilla_solicitudes.xlsx'
2026-03-06 16:25:11 [ERROR   ] services.excel_reader: Error agregando a Procesados: [Errno 13] Permission denied: './plantilla_solicitudes.xlsx'
2026-03-06 16:25:11 [ERROR   ] services.excel_reader: Error actualizando estado: [Errno 13] Permission denied: './plantilla_solicitudes.xlsx'
2026-03-06 16:25:11 [INFO    ] components.user     : Buscando usuario por email: davidvilla042211@gmail.com
2026-03-06 16:25:11 [INFO    ] core.browser        : Navegando a: https://campusvirtual.izyacademy.com/admin/user.php
2026-03-06 16:25:12 [INFO    ] components.user     : Limpiando filtros de búsqueda anteriores...
2026-03-06 16:25:14 [INFO    ] components.user     : Filtros limpiados correctamente
2026-03-06 16:25:27 [INFO    ] components.user     : No se encontró usuario con email: davidvilla042211@gmail.com
2026-03-06 16:25:27 [INFO    ] components.user     : Iniciando creación de usuario: David Steven Villamizar López
2026-03-06 16:25:27 [INFO    ] components.user     : Intento 1: Probando username 'dvillamizar'
2026-03-06 16:25:27 [INFO    ] models.user         : Username actualizado a: dvillamizar
2026-03-06 16:25:27 [INFO    ] core.browser        : Navegando a: https://campusvirtual.izyacademy.com/user/editadvanced.php?id=-1
2026-03-06 16:25:31 [INFO    ] core.browser        : Screenshot guardada: screenshots\user_form_filled_20260306_162531.png
2026-03-06 16:25:35 [INFO    ] components.user     : Usuario creado exitosamente
2026-03-06 16:25:35 [INFO    ] components.user     : Usuario creado: dvillamizar (davidvilla042211@gmail.com)
2026-03-06 16:25:35 [INFO    ] core.browser        : Navegando a: https://campusvirtual.izyacademy.com/course/view.php?id=315
2026-03-06 16:25:36 [INFO    ] components.course   : Quizzes encontrados en curso 315: 1
2026-03-06 16:25:36 [INFO    ] components.quiz     : Eliminando intentos de davidvilla042211@gmail.com en quiz 3636
2026-03-06 16:25:37 [INFO    ] components.quiz     : No hay intentos de davidvilla042211@gmail.com (Nada que mostrar)
2026-03-06 16:25:37 [INFO    ] components.enrollment: Iniciando matrícula: davidvilla042211@gmail.com en curso 315
2026-03-06 16:25:38 [INFO    ] components.enrollment: Aplicando filtro por: davidvilla042211@gmail.com
2026-03-06 16:25:41 [INFO    ] components.enrollment: Filtro aplicado correctamente
2026-03-06 16:26:01 [INFO    ] components.enrollment: Creando nueva matrícula para davidvilla042211@gmail.com
2026-03-06 16:26:10 [INFO    ] components.enrollment: Filtro aplicado correctamente
2026-03-06 16:26:10 [INFO    ] components.enrollment: Usuario davidvilla042211@gmail.com encontrado en lista de participantes
2026-03-06 16:26:10 [INFO    ] services.document_generator: Generando documento para: David Steven Villamizar López
2026-03-06 16:26:10 [INFO    ] services.document_generator: Documento generado: output\Asignacion_Pruebas_David_Steven_Villamizar_López_2026-03-06_16-26-10.docx
2026-03-06 16:26:10 [ERROR   ] services.excel_reader: Error actualizando estado: [Errno 13] Permission denied: './plantilla_solicitudes.xlsx'
2026-03-06 16:26:10 [ERROR   ] services.excel_reader: Error agregando a Procesados: [Errno 13] Permission denied: './plantilla_solicitudes.xlsx'
2026-03-06 16:26:10 [ERROR   ] services.excel_reader: Error actualizando estado: [Errno 13] Permission denied: './plantilla_solicitudes.xlsx'
2026-03-06 16:26:10 [INFO    ] components.user     : Buscando usuario por email: michellklinger@gmail.com
2026-03-06 16:26:10 [INFO    ] core.browser        : Navegando a: https://campusvirtual.izyacademy.com/admin/user.php
2026-03-06 16:26:12 [INFO    ] components.user     : Limpiando filtros de búsqueda anteriores...
2026-03-06 16:26:14 [INFO    ] components.user     : Filtros limpiados correctamente
2026-03-06 16:26:26 [INFO    ] components.user     : No se encontró usuario con email: michellklinger@gmail.com
2026-03-06 16:26:26 [INFO    ] components.user     : Iniciando creación de usuario: Michell Klinger Giraldo
2026-03-06 16:26:26 [INFO    ] components.user     : Intento 1: Probando username 'mklinger'
2026-03-06 16:26:26 [INFO    ] models.user         : Username actualizado a: mklinger
2026-03-06 16:26:26 [INFO    ] core.browser        : Navegando a: https://campusvirtual.izyacademy.com/user/editadvanced.php?id=-1
2026-03-06 16:26:31 [INFO    ] core.browser        : Screenshot guardada: screenshots\user_form_filled_20260306_162631.png
2026-03-06 16:26:35 [INFO    ] components.user     : Usuario creado exitosamente
2026-03-06 16:26:35 [INFO    ] components.user     : Usuario creado: mklinger (michellklinger@gmail.com)
2026-03-06 16:26:35 [INFO    ] core.browser        : Navegando a: https://campusvirtual.izyacademy.com/course/view.php?id=235
2026-03-06 16:26:36 [INFO    ] components.course   : Quizzes encontrados en curso 235: 4
2026-03-06 16:26:36 [INFO    ] components.quiz     : Eliminando intentos de michellklinger@gmail.com en quiz 8430
2026-03-06 16:26:37 [INFO    ] components.quiz     : No hay intentos de michellklinger@gmail.com (Nada que mostrar)
2026-03-06 16:26:37 [INFO    ] components.quiz     : Eliminando intentos de michellklinger@gmail.com en quiz 2986
2026-03-06 16:26:38 [INFO    ] components.quiz     : No hay intentos de michellklinger@gmail.com (Nada que mostrar)
2026-03-06 16:26:38 [INFO    ] components.quiz     : Eliminando intentos de michellklinger@gmail.com en quiz 2987
2026-03-06 16:26:39 [INFO    ] components.quiz     : No hay intentos de michellklinger@gmail.com (Nada que mostrar)
2026-03-06 16:26:39 [INFO    ] components.quiz     : Eliminando intentos de michellklinger@gmail.com en quiz 2988
2026-03-06 16:26:40 [INFO    ] components.quiz     : No hay intentos de michellklinger@gmail.com (Nada que mostrar)
2026-03-06 16:26:40 [INFO    ] components.enrollment: Iniciando matrícula: michellklinger@gmail.com en curso 235
2026-03-06 16:26:41 [INFO    ] components.enrollment: Aplicando filtro por: michellklinger@gmail.com
2026-03-06 16:26:44 [INFO    ] components.enrollment: Filtro aplicado correctamente
2026-03-06 16:27:04 [INFO    ] components.enrollment: Creando nueva matrícula para michellklinger@gmail.com
2026-03-06 16:27:12 [INFO    ] components.enrollment: Filtro aplicado correctamente
2026-03-06 16:27:12 [INFO    ] components.enrollment: Usuario michellklinger@gmail.com encontrado en lista de participantes
2026-03-06 16:27:13 [INFO    ] services.document_generator: Generando documento para: Michell Klinger Giraldo
2026-03-06 16:27:13 [INFO    ] services.document_generator: Documento generado: output\Asignacion_Pruebas_Michell_Klinger_Giraldo_2026-03-06_16-27-13.docx
2026-03-06 16:27:13 [ERROR   ] services.excel_reader: Error actualizando estado: [Errno 13] Permission denied: './plantilla_solicitudes.xlsx'
2026-03-06 16:27:13 [ERROR   ] services.excel_reader: Error agregando a Procesados: [Errno 13] Permission denied: './plantilla_solicitudes.xlsx'
2026-03-06 16:27:13 [ERROR   ] services.excel_reader: Error actualizando estado: [Errno 13] Permission denied: './plantilla_solicitudes.xlsx'
2026-03-06 16:27:13 [INFO    ] components.user     : Buscando usuario por email: santiago.caso.fernandez123@gmail.com
2026-03-06 16:27:13 [INFO    ] core.browser        : Navegando a: https://campusvirtual.izyacademy.com/admin/user.php
2026-03-06 16:27:14 [INFO    ] components.user     : Limpiando filtros de búsqueda anteriores...
2026-03-06 16:27:16 [INFO    ] components.user     : Filtros limpiados correctamente
2026-03-06 16:27:30 [INFO    ] components.user     : No se encontró usuario con email: santiago.caso.fernandez123@gmail.com
2026-03-06 16:27:30 [INFO    ] components.user     : Iniciando creación de usuario: Santiago Caso Fernández
2026-03-06 16:27:30 [INFO    ] components.user     : Intento 1: Probando username 'scaso'
2026-03-06 16:27:30 [INFO    ] models.user         : Username actualizado a: scaso
2026-03-06 16:27:30 [INFO    ] core.browser        : Navegando a: https://campusvirtual.izyacademy.com/user/editadvanced.php?id=-1
2026-03-06 16:27:34 [INFO    ] core.browser        : Screenshot guardada: screenshots\user_form_filled_20260306_162734.png
2026-03-06 16:27:38 [INFO    ] components.user     : Usuario creado exitosamente
2026-03-06 16:27:38 [INFO    ] components.user     : Usuario creado: scaso (santiago.caso.fernandez123@gmail.com)
2026-03-06 16:27:38 [INFO    ] core.browser        : Navegando a: https://campusvirtual.izyacademy.com/course/view.php?id=235
2026-03-06 16:27:39 [INFO    ] components.course   : Quizzes encontrados en curso 235: 4
2026-03-06 16:27:39 [INFO    ] components.quiz     : Eliminando intentos de santiago.caso.fernandez123@gmail.com en quiz 8430
2026-03-06 16:27:40 [INFO    ] components.quiz     : No hay intentos de santiago.caso.fernandez123@gmail.com (Nada que mostrar)
2026-03-06 16:27:40 [INFO    ] components.quiz     : Eliminando intentos de santiago.caso.fernandez123@gmail.com en quiz 2986
2026-03-06 16:27:52 [INFO    ] components.quiz     : No se encontraron intentos de santiago.caso.fernandez123@gmail.com
2026-03-06 16:27:52 [INFO    ] components.quiz     : Eliminando intentos de santiago.caso.fernandez123@gmail.com en quiz 2987
2026-03-06 16:28:04 [INFO    ] components.quiz     : No se encontraron intentos de santiago.caso.fernandez123@gmail.com
2026-03-06 16:28:04 [INFO    ] components.quiz     : Eliminando intentos de santiago.caso.fernandez123@gmail.com en quiz 2988
2026-03-06 16:28:15 [INFO    ] components.quiz     : No se encontraron intentos de santiago.caso.fernandez123@gmail.com
2026-03-06 16:28:15 [INFO    ] components.enrollment: Iniciando matrícula: santiago.caso.fernandez123@gmail.com en curso 235
2026-03-06 16:28:17 [INFO    ] components.enrollment: Aplicando filtro por: santiago.caso.fernandez123@gmail.com
2026-03-06 16:28:20 [INFO    ] components.enrollment: Filtro aplicado correctamente
2026-03-06 16:28:40 [INFO    ] components.enrollment: Creando nueva matrícula para santiago.caso.fernandez123@gmail.com
2026-03-06 16:28:48 [INFO    ] components.enrollment: Filtro aplicado correctamente
2026-03-06 16:28:48 [INFO    ] components.enrollment: Usuario santiago.caso.fernandez123@gmail.com encontrado en lista de participantes
2026-03-06 16:28:48 [INFO    ] services.document_generator: Generando documento para: Santiago Caso Fernández
2026-03-06 16:28:49 [INFO    ] services.document_generator: Documento generado: output\Asignacion_Pruebas_Santiago_Caso_Fernández_2026-03-06_16-28-49.docx
2026-03-06 16:28:49 [ERROR   ] services.excel_reader: Error actualizando estado: [Errno 13] Permission denied: './plantilla_solicitudes.xlsx'
2026-03-06 16:28:49 [ERROR   ] services.excel_reader: Error agregando a Procesados: [Errno 13] Permission denied: './plantilla_solicitudes.xlsx'
2026-03-06 16:28:49 [ERROR   ] services.excel_reader: Error actualizando estado: [Errno 13] Permission denied: './plantilla_solicitudes.xlsx'
2026-03-06 16:28:49 [INFO    ] components.user     : Buscando usuario por email: ricardoyesid40@gmail.com
2026-03-06 16:28:49 [INFO    ] core.browser        : Navegando a: https://campusvirtual.izyacademy.com/admin/user.php
2026-03-06 16:28:50 [INFO    ] components.user     : Limpiando filtros de búsqueda anteriores...
2026-03-06 16:28:52 [INFO    ] components.user     : Filtros limpiados correctamente
2026-03-06 16:29:05 [INFO    ] components.user     : No se encontró usuario con email: ricardoyesid40@gmail.com
2026-03-06 16:29:05 [INFO    ] components.user     : Iniciando creación de usuario: Yesid Selis Ricardo
2026-03-06 16:29:05 [INFO    ] components.user     : Intento 1: Probando username 'yselis'
2026-03-06 16:29:05 [INFO    ] models.user         : Username actualizado a: yselis
2026-03-06 16:29:05 [INFO    ] core.browser        : Navegando a: https://campusvirtual.izyacademy.com/user/editadvanced.php?id=-1
2026-03-06 16:29:10 [INFO    ] core.browser        : Screenshot guardada: screenshots\user_form_filled_20260306_162910.png
2026-03-06 16:29:14 [INFO    ] components.user     : Usuario creado exitosamente
2026-03-06 16:29:14 [INFO    ] components.user     : Usuario creado: yselis (ricardoyesid40@gmail.com)
2026-03-06 16:29:14 [INFO    ] core.browser        : Navegando a: https://campusvirtual.izyacademy.com/course/view.php?id=235
2026-03-06 16:29:15 [INFO    ] components.course   : Quizzes encontrados en curso 235: 4
2026-03-06 16:29:15 [INFO    ] components.quiz     : Eliminando intentos de ricardoyesid40@gmail.com en quiz 8430
2026-03-06 16:29:16 [INFO    ] components.quiz     : No hay intentos de ricardoyesid40@gmail.com (Nada que mostrar)
2026-03-06 16:29:16 [INFO    ] components.quiz     : Eliminando intentos de ricardoyesid40@gmail.com en quiz 2986
2026-03-06 16:29:27 [INFO    ] components.quiz     : No se encontraron intentos de ricardoyesid40@gmail.com
2026-03-06 16:29:27 [INFO    ] components.quiz     : Eliminando intentos de ricardoyesid40@gmail.com en quiz 2987
2026-03-06 16:29:39 [INFO    ] components.quiz     : No se encontraron intentos de ricardoyesid40@gmail.com
2026-03-06 16:29:39 [INFO    ] components.quiz     : Eliminando intentos de ricardoyesid40@gmail.com en quiz 2988
2026-03-06 16:29:50 [INFO    ] components.quiz     : No se encontraron intentos de ricardoyesid40@gmail.com
2026-03-06 16:29:50 [INFO    ] components.enrollment: Iniciando matrícula: ricardoyesid40@gmail.com en curso 235
2026-03-06 16:29:52 [INFO    ] components.enrollment: Aplicando filtro por: ricardoyesid40@gmail.com
2026-03-06 16:29:55 [INFO    ] components.enrollment: Filtro aplicado correctamente
2026-03-06 16:30:15 [INFO    ] components.enrollment: Creando nueva matrícula para ricardoyesid40@gmail.com
2026-03-06 16:30:23 [INFO    ] components.enrollment: Filtro aplicado correctamente
2026-03-06 16:30:23 [INFO    ] components.enrollment: Usuario ricardoyesid40@gmail.com encontrado en lista de participantes
2026-03-06 16:30:24 [INFO    ] services.document_generator: Generando documento para: Yesid Selis Ricardo
2026-03-06 16:30:24 [INFO    ] services.document_generator: Documento generado: output\Asignacion_Pruebas_Yesid_Selis_Ricardo_2026-03-06_16-30-24.docx
2026-03-06 16:30:24 [ERROR   ] services.excel_reader: Error actualizando estado: [Errno 13] Permission denied: './plantilla_solicitudes.xlsx'
2026-03-06 16:30:24 [ERROR   ] services.excel_reader: Error agregando a Procesados: [Errno 13] Permission denied: './plantilla_solicitudes.xlsx'
2026-03-06 16:30:24 [ERROR   ] services.excel_reader: Error actualizando estado: [Errno 13] Permission denied: './plantilla_solicitudes.xlsx'
2026-03-06 16:30:24 [INFO    ] components.user     : Buscando usuario por email: jeancar1616@hotmail.com
2026-03-06 16:30:24 [INFO    ] core.browser        : Navegando a: https://campusvirtual.izyacademy.com/admin/user.php
2026-03-06 16:30:26 [INFO    ] components.user     : Limpiando filtros de búsqueda anteriores...
2026-03-06 16:30:28 [INFO    ] components.user     : Filtros limpiados correctamente
2026-03-06 16:30:41 [INFO    ] components.user     : No se encontró usuario con email: jeancar1616@hotmail.com
2026-03-06 16:30:41 [INFO    ] components.user     : Iniciando creación de usuario: Jean Carlos Gonzalez Aragon
2026-03-06 16:30:41 [INFO    ] components.user     : Intento 1: Probando username 'jgonzalez'
2026-03-06 16:30:41 [INFO    ] models.user         : Username actualizado a: jgonzalez
2026-03-06 16:30:41 [INFO    ] core.browser        : Navegando a: https://campusvirtual.izyacademy.com/user/editadvanced.php?id=-1
2026-03-06 16:30:45 [INFO    ] core.browser        : Screenshot guardada: screenshots\user_form_filled_20260306_163045.png
2026-03-06 16:30:47 [ERROR   ] components.user     : Errores en formulario: Este nombre de usuario ya existe. Por favor, seleccione otro.
2026-03-06 16:30:47 [WARNING ] components.user     : Username 'jgonzalez' ya existe, probando siguiente...
2026-03-06 16:30:47 [INFO    ] components.user     : Intento 2: Probando username 'jgonzalez1'
2026-03-06 16:30:47 [INFO    ] models.user         : Username actualizado a: jgonzalez1
2026-03-06 16:30:47 [INFO    ] core.browser        : Navegando a: https://campusvirtual.izyacademy.com/user/editadvanced.php?id=-1
2026-03-06 16:30:55 [INFO    ] components.user     : Usuario creado exitosamente
2026-03-06 16:30:55 [INFO    ] components.user     : Usuario creado: jgonzalez1 (jeancar1616@hotmail.com)
2026-03-06 16:30:55 [INFO    ] core.browser        : Navegando a: https://campusvirtual.izyacademy.com/course/view.php?id=235
2026-03-06 16:30:57 [INFO    ] components.course   : Quizzes encontrados en curso 235: 4
2026-03-06 16:30:57 [INFO    ] components.quiz     : Eliminando intentos de jeancar1616@hotmail.com en quiz 8430
2026-03-06 16:31:08 [INFO    ] components.quiz     : No se encontraron intentos de jeancar1616@hotmail.com
2026-03-06 16:31:08 [INFO    ] components.quiz     : Eliminando intentos de jeancar1616@hotmail.com en quiz 2986
2026-03-06 16:31:20 [INFO    ] components.quiz     : No se encontraron intentos de jeancar1616@hotmail.com
2026-03-06 16:31:20 [INFO    ] components.quiz     : Eliminando intentos de jeancar1616@hotmail.com en quiz 2987
2026-03-06 16:31:32 [INFO    ] components.quiz     : No se encontraron intentos de jeancar1616@hotmail.com
2026-03-06 16:31:32 [INFO    ] components.quiz     : Eliminando intentos de jeancar1616@hotmail.com en quiz 2988
2026-03-06 16:31:44 [INFO    ] components.quiz     : No se encontraron intentos de jeancar1616@hotmail.com
2026-03-06 16:31:44 [INFO    ] components.enrollment: Iniciando matrícula: jeancar1616@hotmail.com en curso 235
2026-03-06 16:31:45 [INFO    ] components.enrollment: Aplicando filtro por: jeancar1616@hotmail.com
2026-03-06 16:31:48 [INFO    ] components.enrollment: Filtro aplicado correctamente
2026-03-06 16:32:08 [INFO    ] components.enrollment: Creando nueva matrícula para jeancar1616@hotmail.com
2026-03-06 16:32:17 [INFO    ] components.enrollment: Filtro aplicado correctamente
2026-03-06 16:32:17 [INFO    ] components.enrollment: Usuario jeancar1616@hotmail.com encontrado en lista de participantes
2026-03-06 16:32:17 [INFO    ] services.document_generator: Generando documento para: Jean Carlos Gonzalez Aragon
2026-03-06 16:32:17 [INFO    ] services.document_generator: Documento generado: output\Asignacion_Pruebas_Jean_Carlos_Gonzalez_Aragon_2026-03-06_16-32-17.docx
2026-03-06 16:32:17 [ERROR   ] services.excel_reader: Error actualizando estado: [Errno 13] Permission denied: './plantilla_solicitudes.xlsx'
2026-03-06 16:32:17 [ERROR   ] services.excel_reader: Error agregando a Procesados: [Errno 13] Permission denied: './plantilla_solicitudes.xlsx'
2026-03-06 16:32:17 [ERROR   ] services.excel_reader: Error actualizando estado: [Errno 13] Permission denied: './plantilla_solicitudes.xlsx'
2026-03-06 16:32:17 [INFO    ] components.user     : Buscando usuario por email: juradososajhon@gmail.com
2026-03-06 16:32:17 [INFO    ] core.browser        : Navegando a: https://campusvirtual.izyacademy.com/admin/user.php
2026-03-06 16:32:19 [INFO    ] components.user     : Limpiando filtros de búsqueda anteriores...
2026-03-06 16:32:21 [INFO    ] components.user     : Filtros limpiados correctamente
2026-03-06 16:32:34 [INFO    ] components.user     : No se encontró usuario con email: juradososajhon@gmail.com
2026-03-06 16:32:34 [INFO    ] components.user     : Iniciando creación de usuario: Jhon Jurado Ossa
2026-03-06 16:32:34 [INFO    ] components.user     : Intento 1: Probando username 'jjurado'
2026-03-06 16:32:34 [INFO    ] models.user         : Username actualizado a: jjurado
2026-03-06 16:32:34 [INFO    ] core.browser        : Navegando a: https://campusvirtual.izyacademy.com/user/editadvanced.php?id=-1
2026-03-06 16:32:38 [INFO    ] core.browser        : Screenshot guardada: screenshots\user_form_filled_20260306_163238.png
2026-03-06 16:32:41 [ERROR   ] components.user     : Errores en formulario: Este nombre de usuario ya existe. Por favor, seleccione otro.
2026-03-06 16:32:41 [WARNING ] components.user     : Username 'jjurado' ya existe, probando siguiente...
2026-03-06 16:32:41 [INFO    ] components.user     : Intento 2: Probando username 'jjurado1'
2026-03-06 16:32:41 [INFO    ] models.user         : Username actualizado a: jjurado1
2026-03-06 16:32:41 [INFO    ] core.browser        : Navegando a: https://campusvirtual.izyacademy.com/user/editadvanced.php?id=-1
2026-03-06 16:32:49 [INFO    ] components.user     : Usuario creado exitosamente
2026-03-06 16:32:49 [INFO    ] components.user     : Usuario creado: jjurado1 (juradososajhon@gmail.com)
2026-03-06 16:32:49 [INFO    ] core.browser        : Navegando a: https://campusvirtual.izyacademy.com/course/view.php?id=194
2026-03-06 16:32:50 [INFO    ] components.course   : Quizzes encontrados en curso 194: 3
2026-03-06 16:32:50 [INFO    ] components.quiz     : Eliminando intentos de juradososajhon@gmail.com en quiz 2243
2026-03-06 16:33:02 [INFO    ] components.quiz     : No se encontraron intentos de juradososajhon@gmail.com
2026-03-06 16:33:02 [INFO    ] components.quiz     : Eliminando intentos de juradososajhon@gmail.com en quiz 2244
2026-03-06 16:33:13 [INFO    ] components.quiz     : No se encontraron intentos de juradososajhon@gmail.com
2026-03-06 16:33:13 [INFO    ] components.quiz     : Eliminando intentos de juradososajhon@gmail.com en quiz 2225
2026-03-06 16:33:24 [INFO    ] components.quiz     : No se encontraron intentos de juradososajhon@gmail.com
2026-03-06 16:33:24 [INFO    ] components.enrollment: Iniciando matrícula: juradososajhon@gmail.com en curso 194
2026-03-06 16:33:26 [INFO    ] components.enrollment: Aplicando filtro por: juradososajhon@gmail.com
2026-03-06 16:33:29 [INFO    ] components.enrollment: Filtro aplicado correctamente
2026-03-06 16:33:49 [INFO    ] components.enrollment: Creando nueva matrícula para juradososajhon@gmail.com
2026-03-06 16:33:58 [INFO    ] components.enrollment: Filtro aplicado correctamente
2026-03-06 16:33:58 [INFO    ] components.enrollment: Usuario juradososajhon@gmail.com encontrado en lista de participantes
2026-03-06 16:33:58 [INFO    ] services.document_generator: Generando documento para: Jhon Jurado Ossa
2026-03-06 16:33:58 [INFO    ] services.document_generator: Documento generado: output\Asignacion_Pruebas_Jhon_Jurado_Ossa_2026-03-06_16-33-58.docx
2026-03-06 16:33:58 [ERROR   ] services.excel_reader: Error actualizando estado: [Errno 13] Permission denied: './plantilla_solicitudes.xlsx'
2026-03-06 16:33:58 [ERROR   ] services.excel_reader: Error agregando a Procesados: [Errno 13] Permission denied: './plantilla_solicitudes.xlsx'
2026-03-06 16:34:01 [INFO    ] core.browser        : Navegador cerrado correctamente
